<?xml version="1.0" encoding="UTF-8"?>
<!-- Generated by org.testng.reporters.JUnitReportReporter -->
<testsuite skipped="0" hostname="BharatPC" name="testng.TestngExample5" tests="2" failures="0" timestamp="21 Jun 2017 12:31:03 GMT" time="4.603" errors="0">
  <testcase name="register" time="2.706" classname="testng.TestngExample5"/>
  <testcase name="support" time="1.897" classname="testng.TestngExample5"/>
</testsuite> <!-- testng.TestngExample5 -->
