<?xml version="1.0" encoding="UTF-8"?>
<!-- Generated by org.testng.reporters.JUnitReportReporter -->
<testsuite skipped="0" hostname="BharatPC" name="testng.TestngExample1" tests="2" failures="0" timestamp="21 Jun 2017 00:59:02 GMT" time="0.014" errors="0">
  <testcase name="test1" time="0.010" classname="testng.TestngExample1"/>
  <testcase name="test2" time="0.004" classname="testng.TestngExample1"/>
</testsuite> <!-- testng.TestngExample1 -->
