<?xml version="1.0" encoding="UTF-8"?>
<!-- Generated by org.testng.reporters.JUnitReportReporter -->
<testsuite skipped="0" hostname="BharatPC" name="testng.TestngExample2" tests="3" failures="0" timestamp="21 Jun 2017 00:59:02 GMT" time="0.013" errors="0">
  <testcase name="test2" time="0.002" classname="testng.TestngExample2"/>
  <testcase name="test3" time="0.002" classname="testng.TestngExample2"/>
  <testcase name="test1" time="0.009" classname="testng.TestngExample2"/>
</testsuite> <!-- testng.TestngExample2 -->
