<?xml version="1.0" encoding="UTF-8"?>
<!-- Generated by org.testng.reporters.JUnitReportReporter -->
<testsuite skipped="0" hostname="BharatPC" name="testng.TestngExample4" tests="1" failures="0" timestamp="21 Jun 2017 12:31:03 GMT" time="10.122" errors="0">
  <testcase name="verifyhomepagetitle" time="10.122" classname="testng.TestngExample4"/>
</testsuite> <!-- testng.TestngExample4 -->
