<?xml version="1.0" encoding="UTF-8"?>
<!-- Generated by org.testng.reporters.JUnitReportReporter -->
<testsuite skipped="0" hostname="BharatPC" name="testng.TestngExample3" tests="1" failures="0" timestamp="21 Jun 2017 11:43:46 GMT" time="5.821" errors="0">
  <testcase name="logintoqaplanet" time="5.821" classname="testng.TestngExample3"/>
</testsuite> <!-- testng.TestngExample3 -->
